********************************************************************************
START: 2016-11-30 17:52:08.358943
Logging in to IDAWEB...
Successfully logged in to IDAWEB...
Weather parameter:circum-global_radiation
Time span: ['01.01.2000', '30.04.2000']
	Setting search parameters...
	Selecting weather parameter...
	Choosing stations...
	Setting time span...
	Selecting data...
	No data available for the requested parameter in this time span...
Time span: ['01.05.2000', '31.08.2000']
	Setting search parameters...
	Selecting weather parameter...
	Choosing stations...
	Setting time span...
	Selecting data...
	No data available for the requested parameter in this time span...
Time span: ['01.09.2000', '31.12.2000']
	Setting search parameters...
	Selecting weather parameter...
	Choosing stations...
	Setting time span...
	Selecting data...
	No data available for the requested parameter in this time span...

END: 2016-11-30 17:52:37.191226

********************************************************************************
START: 2016-11-30 17:52:37.851533
Logging in to IDAWEB...
Successfully logged in to IDAWEB...
Weather parameter:circum-global_radiation
Time span: ['01.01.2001', '30.04.2001']
	Setting search parameters...
	Selecting weather parameter...
	Choosing stations...
	Setting time span...
	Selecting data...
	No data available for the requested parameter in this time span...
Time span: ['01.05.2001', '31.08.2001']
	Setting search parameters...
	Selecting weather parameter...
	Choosing stations...
	Setting time span...
	Selecting data...
	No data available for the requested parameter in this time span...
Time span: ['01.09.2001', '31.12.2001']
	Setting search parameters...
	Selecting weather parameter...
	Choosing stations...
	Setting time span...
	Selecting data...
	No data available for the requested parameter in this time span...

END: 2016-11-30 17:53:07.587903

********************************************************************************
START: 2016-11-30 17:53:08.247567
Logging in to IDAWEB...
Successfully logged in to IDAWEB...
Weather parameter:circum-global_radiation
Time span: ['01.01.2002', '30.04.2002']
	Setting search parameters...
	Selecting weather parameter...
	Choosing stations...
	Setting time span...
	Selecting data...
	No data available for the requested parameter in this time span...
Time span: ['01.05.2002', '31.08.2002']
	Setting search parameters...
	Selecting weather parameter...
	Choosing stations...
	Setting time span...
	Selecting data...
	No data available for the requested parameter in this time span...
Time span: ['01.09.2002', '31.12.2002']
	Setting search parameters...
	Selecting weather parameter...
	Choosing stations...
	Setting time span...
	Selecting data...
	No data available for the requested parameter in this time span...

END: 2016-11-30 17:54:38.676889

********************************************************************************
START: 2016-11-30 17:54:39.390588
Logging in to IDAWEB...
Successfully logged in to IDAWEB...
Weather parameter:circum-global_radiation
Time span: ['01.01.2003', '30.04.2003']
	Setting search parameters...
	Selecting weather parameter...
	Choosing stations...
	Setting time span...
	Selecting data...
	No data available for the requested parameter in this time span...
Time span: ['01.05.2003', '31.08.2003']
	Setting search parameters...
	Selecting weather parameter...
	Choosing stations...
	Setting time span...
	Selecting data...
	No data available for the requested parameter in this time span...
Time span: ['01.09.2003', '31.12.2003']
	Setting search parameters...
	Selecting weather parameter...
	Choosing stations...
	Setting time span...
	Selecting data...
	No data available for the requested parameter in this time span...

END: 2016-11-30 17:55:15.270578

********************************************************************************
START: 2016-11-30 17:55:15.967855
Logging in to IDAWEB...
Successfully logged in to IDAWEB...
Weather parameter:circum-global_radiation
Time span: ['01.01.2004', '30.04.2004']
	Setting search parameters...
	Selecting weather parameter...
	Choosing stations...
	Setting time span...
	Selecting data...
	No data available for the requested parameter in this time span...
Time span: ['01.05.2004', '31.08.2004']
	Setting search parameters...
	Selecting weather parameter...
	Choosing stations...
	Setting time span...
	Selecting data...
	No data available for the requested parameter in this time span...
Time span: ['01.09.2004', '31.12.2004']
	Setting search parameters...
	Selecting weather parameter...
	Choosing stations...
	Setting time span...
	Selecting data...
	No data available for the requested parameter in this time span...

END: 2016-11-30 17:56:37.606029

********************************************************************************
START: 2016-11-30 17:56:38.349862
Logging in to IDAWEB...
Successfully logged in to IDAWEB...
Weather parameter:circum-global_radiation
Time span: ['01.01.2005', '30.04.2005']
	Setting search parameters...
	Selecting weather parameter...
	Choosing stations...
	Setting time span...
	Selecting data...
	No data available for the requested parameter in this time span...
Time span: ['01.05.2005', '31.08.2005']
	Setting search parameters...
	Selecting weather parameter...
	Choosing stations...
	Setting time span...
	Selecting data...
	No data available for the requested parameter in this time span...
Time span: ['01.09.2005', '31.12.2005']
	Setting search parameters...
	Selecting weather parameter...
	Choosing stations...
	Setting time span...
	Selecting data...
	No data available for the requested parameter in this time span...

END: 2016-11-30 17:57:08.739901

********************************************************************************
START: 2016-11-30 17:57:09.413818
Logging in to IDAWEB...
Successfully logged in to IDAWEB...
Weather parameter:circum-global_radiation
Time span: ['01.01.2006', '30.04.2006']
	Setting search parameters...
	Selecting weather parameter...
	Choosing stations...
	Setting time span...
	Selecting data...
	No data available for the requested parameter in this time span...
Time span: ['01.05.2006', '31.08.2006']
	Setting search parameters...
	Selecting weather parameter...
	Choosing stations...
	Setting time span...
	Selecting data...
	No data available for the requested parameter in this time span...
Time span: ['01.09.2006', '31.12.2006']
	Setting search parameters...
	Selecting weather parameter...
	Choosing stations...
	Setting time span...
	Selecting data...
	No data available for the requested parameter in this time span...

END: 2016-11-30 17:58:34.035847

********************************************************************************
START: 2016-11-30 17:58:34.714986
Logging in to IDAWEB...
Successfully logged in to IDAWEB...
Weather parameter:circum-global_radiation
Time span: ['01.01.2007', '30.04.2007']
	Setting search parameters...
	Selecting weather parameter...
	Choosing stations...
	Setting time span...
	Selecting data...
	No data available for the requested parameter in this time span...
Time span: ['01.05.2007', '31.08.2007']
	Setting search parameters...
	Selecting weather parameter...
	Choosing stations...
	Setting time span...
	Selecting data...
	No data available for the requested parameter in this time span...
Time span: ['01.09.2007', '31.12.2007']
	Setting search parameters...
	Selecting weather parameter...
	Choosing stations...
	Setting time span...
	Selecting data...
	No data available for the requested parameter in this time span...

END: 2016-11-30 17:59:12.212078

********************************************************************************
START: 2016-11-30 17:59:12.906063
Logging in to IDAWEB...
Successfully logged in to IDAWEB...
Weather parameter:circum-global_radiation
Time span: ['01.01.2008', '30.04.2008']
	Setting search parameters...
	Selecting weather parameter...
	Choosing stations...
	Setting time span...
	Selecting data...
	No data available for the requested parameter in this time span...
Time span: ['01.05.2008', '31.08.2008']
	Setting search parameters...
	Selecting weather parameter...
	Choosing stations...
	Setting time span...
	Selecting data...
	No data available for the requested parameter in this time span...
Time span: ['01.09.2008', '31.12.2008']
	Setting search parameters...
	Selecting weather parameter...
	Choosing stations...
	Setting time span...
	Selecting data...
	No data available for the requested parameter in this time span...

END: 2016-11-30 18:01:52.543475

********************************************************************************
START: 2016-11-30 18:01:53.287500
Logging in to IDAWEB...
Successfully logged in to IDAWEB...
Weather parameter:circum-global_radiation
Time span: ['01.01.2009', '30.04.2009']
	Setting search parameters...
	Selecting weather parameter...
	Choosing stations...
	Setting time span...
	Selecting data...
	No data available for the requested parameter in this time span...
Time span: ['01.05.2009', '31.08.2009']
	Setting search parameters...
	Selecting weather parameter...
	Choosing stations...
	Setting time span...
	Selecting data...
	No data available for the requested parameter in this time span...
Time span: ['01.09.2009', '31.12.2009']
	Setting search parameters...
	Selecting weather parameter...
	Choosing stations...
	Setting time span...
	Selecting data...
	No data available for the requested parameter in this time span...

END: 2016-11-30 18:02:31.214593

********************************************************************************
START: 2016-11-30 18:02:31.912497
Logging in to IDAWEB...
Successfully logged in to IDAWEB...
Weather parameter:circum-global_radiation
Time span: ['01.01.2010', '30.04.2010']
	Setting search parameters...
	Selecting weather parameter...
	Choosing stations...
	Setting time span...
	Selecting data...
	No data available for the requested parameter in this time span...
Time span: ['01.05.2010', '31.08.2010']
	Setting search parameters...
	Selecting weather parameter...
	Choosing stations...
	Setting time span...
	Selecting data...
	No data available for the requested parameter in this time span...
Time span: ['01.09.2010', '31.12.2010']
	Setting search parameters...
	Selecting weather parameter...
	Choosing stations...
	Setting time span...
	Selecting data...
	No data available for the requested parameter in this time span...

END: 2016-11-30 18:04:08.812674

********************************************************************************
START: 2016-11-30 18:04:09.508174
Logging in to IDAWEB...
Successfully logged in to IDAWEB...
Weather parameter:circum-global_radiation
Time span: ['01.01.2011', '30.04.2011']
	Setting search parameters...
	Selecting weather parameter...
	Choosing stations...
	Setting time span...
	Selecting data...
	No data available for the requested parameter in this time span...
Time span: ['01.05.2011', '31.08.2011']
	Setting search parameters...
	Selecting weather parameter...
	Choosing stations...
	Setting time span...
	Selecting data...
	No data available for the requested parameter in this time span...
Time span: ['01.09.2011', '31.12.2011']
	Setting search parameters...
	Selecting weather parameter...
	Choosing stations...
	Setting time span...
	Selecting data...
	No data available for the requested parameter in this time span...

END: 2016-11-30 18:04:39.923838

********************************************************************************
START: 2016-11-30 18:04:40.645172
Logging in to IDAWEB...
Successfully logged in to IDAWEB...
Weather parameter:circum-global_radiation
Time span: ['01.01.2012', '30.04.2012']
	Setting search parameters...
	Selecting weather parameter...
	Choosing stations...
	Setting time span...
	Selecting data...
	No data available for the requested parameter in this time span...
Time span: ['01.05.2012', '31.08.2012']
	Setting search parameters...
	Selecting weather parameter...
	Choosing stations...
	Setting time span...
	Selecting data...
	No data available for the requested parameter in this time span...
Time span: ['01.09.2012', '31.12.2012']
	Setting search parameters...
	Selecting weather parameter...
	Choosing stations...
	Setting time span...
	Selecting data...
	No data available for the requested parameter in this time span...

END: 2016-11-30 18:06:14.410795

********************************************************************************
START: 2016-11-30 18:06:15.089199
Logging in to IDAWEB...
Successfully logged in to IDAWEB...
Weather parameter:circum-global_radiation
Time span: ['01.01.2013', '30.04.2013']
	Setting search parameters...
	Selecting weather parameter...
	Choosing stations...
	Setting time span...
	Selecting data...
	No data available for the requested parameter in this time span...
Time span: ['01.05.2013', '31.08.2013']
	Setting search parameters...
	Selecting weather parameter...
	Choosing stations...
	Setting time span...
	Selecting data...
	No data available for the requested parameter in this time span...
Time span: ['01.09.2013', '31.12.2013']
	Setting search parameters...
	Selecting weather parameter...
	Choosing stations...
	Setting time span...
	Selecting data...
	No data available for the requested parameter in this time span...

END: 2016-11-30 18:06:46.737405

********************************************************************************
START: 2016-11-30 18:06:47.408528
Logging in to IDAWEB...
Successfully logged in to IDAWEB...
Weather parameter:circum-global_radiation
Time span: ['01.01.2014', '30.04.2014']
	Setting search parameters...
	Selecting weather parameter...
	Choosing stations...
	Setting time span...
	Selecting data...
	No data available for the requested parameter in this time span...
Time span: ['01.05.2014', '31.08.2014']
	Setting search parameters...
	Selecting weather parameter...
	Choosing stations...
	Setting time span...
	Selecting data...
	No data available for the requested parameter in this time span...
Time span: ['01.09.2014', '31.12.2014']
	Setting search parameters...
	Selecting weather parameter...
	Choosing stations...
	Setting time span...
	Selecting data...
	No data available for the requested parameter in this time span...

END: 2016-11-30 18:07:17.116932

********************************************************************************
START: 2016-11-30 18:07:17.835943
Logging in to IDAWEB...
Successfully logged in to IDAWEB...
Weather parameter:circum-global_radiation
Time span: ['01.01.2015', '30.04.2015']
	Setting search parameters...
	Selecting weather parameter...
	Choosing stations...
	Setting time span...
	Selecting data...
	No data available for the requested parameter in this time span...
Time span: ['01.05.2015', '31.08.2015']
	Setting search parameters...
	Selecting weather parameter...
	Choosing stations...
	Setting time span...
	Selecting data...
	No data available for the requested parameter in this time span...
Time span: ['01.09.2015', '31.12.2015']
	Setting search parameters...
	Selecting weather parameter...
	Choosing stations...
	Setting time span...
	Selecting data...
	No data available for the requested parameter in this time span...

END: 2016-11-30 18:08:49.888565

********************************************************************************
START: 2016-11-30 18:34:48.909242
Logging in to IDAWEB...
Successfully logged in to IDAWEB...
Weather parameter:global_radiation_std_dev
Time span: ['01.01.2000', '30.04.2000']
	Setting search parameters...
	Selecting weather parameter...
	Choosing stations...
	Setting time span...
	Selecting data...
	Checking the order...
	Checking the summary...
	Accepting the general terms and conditions...
	Placing the order...
Time span: ['01.05.2000', '31.08.2000']
	Setting search parameters...
	Selecting weather parameter...
	Choosing stations...
	Setting time span...
	Selecting data...
	Checking the order...
	Checking the summary...
	Accepting the general terms and conditions...
	Placing the order...
Time span: ['01.09.2000', '31.12.2000']
	Setting search parameters...
	Selecting weather parameter...
	Choosing stations...
	Setting time span...
	Selecting data...
	Checking the order...
	Checking the summary...
	Accepting the general terms and conditions...
	Placing the order...

END: 2016-11-30 18:36:54.200874

********************************************************************************
START: 2016-11-30 18:36:55.111843
Logging in to IDAWEB...
Successfully logged in to IDAWEB...
Weather parameter:global_radiation_std_dev
Time span: ['01.01.2001', '30.04.2001']
	Setting search parameters...
	Selecting weather parameter...
	Choosing stations...
	Setting time span...
	Selecting data...
	Checking the order...
	Checking the summary...
	Accepting the general terms and conditions...
	Placing the order...
Time span: ['01.05.2001', '31.08.2001']
	Setting search parameters...
	Selecting weather parameter...
	Choosing stations...
	Setting time span...
	Selecting data...
	Checking the order...
	Checking the summary...
	Accepting the general terms and conditions...
	Placing the order...
Time span: ['01.09.2001', '31.12.2001']
	Setting search parameters...
	Selecting weather parameter...
	Choosing stations...
	Setting time span...
	Selecting data...
	Checking the order...
	Checking the summary...
	Accepting the general terms and conditions...
	Placing the order...

END: 2016-11-30 18:38:59.516252

********************************************************************************
START: 2016-11-30 18:39:00.384750
Logging in to IDAWEB...
Successfully logged in to IDAWEB...
Weather parameter:global_radiation_std_dev
Time span: ['01.01.2002', '30.04.2002']
	Setting search parameters...
	Selecting weather parameter...
	Choosing stations...
	Setting time span...
	Selecting data...
	Checking the order...
	Checking the summary...
	Accepting the general terms and conditions...
	Placing the order...
Time span: ['01.05.2002', '31.08.2002']
	Setting search parameters...
	Selecting weather parameter...
	Choosing stations...
	Setting time span...
	Selecting data...
	Checking the order...
	Checking the summary...
	Accepting the general terms and conditions...
	Placing the order...
Time span: ['01.09.2002', '31.12.2002']
	Setting search parameters...
	Selecting weather parameter...
	Choosing stations...
	Setting time span...
	Selecting data...
	Checking the order...
	Checking the summary...
	Accepting the general terms and conditions...
	Placing the order...

END: 2016-11-30 18:41:08.521842

********************************************************************************
START: 2016-11-30 18:41:10.451304
Logging in to IDAWEB...
Successfully logged in to IDAWEB...
Weather parameter:global_radiation_std_dev
Time span: ['01.01.2003', '30.04.2003']
	Setting search parameters...
	Selecting weather parameter...
	Choosing stations...
	Setting time span...
	Selecting data...
	Checking the order...
	Checking the summary...
	Accepting the general terms and conditions...
	Placing the order...
Time span: ['01.05.2003', '31.08.2003']
	Setting search parameters...
	Selecting weather parameter...
	Choosing stations...
	Setting time span...
	Selecting data...
	Checking the order...
	Checking the summary...
	Accepting the general terms and conditions...
	Placing the order...
Time span: ['01.09.2003', '31.12.2003']
	Setting search parameters...
	Selecting weather parameter...
	Choosing stations...
	Setting time span...
	Selecting data...
	Checking the order...
	Checking the summary...
	Accepting the general terms and conditions...
	Placing the order...

END: 2016-11-30 18:43:19.602403

********************************************************************************
START: 2016-11-30 18:43:20.549769
Logging in to IDAWEB...
Successfully logged in to IDAWEB...
Weather parameter:global_radiation_std_dev
Time span: ['01.01.2004', '30.04.2004']
	Setting search parameters...
	Selecting weather parameter...
	Choosing stations...
	Setting time span...
	Selecting data...
	Checking the order...
	Checking the summary...
	Accepting the general terms and conditions...
	Placing the order...
Time span: ['01.05.2004', '31.08.2004']
	Setting search parameters...
	Selecting weather parameter...
	Choosing stations...
	Setting time span...
	Selecting data...
	Checking the order...
	Checking the summary...
	Accepting the general terms and conditions...
	Placing the order...
Time span: ['01.09.2004', '31.12.2004']
	Setting search parameters...
	Selecting weather parameter...
	Choosing stations...
	Setting time span...
	Selecting data...
	Checking the order...
	Checking the summary...
	Accepting the general terms and conditions...
	Placing the order...

END: 2016-11-30 18:45:26.328316

********************************************************************************
START: 2016-11-30 18:45:27.221824
Logging in to IDAWEB...
Successfully logged in to IDAWEB...
Weather parameter:global_radiation_std_dev
Time span: ['01.01.2005', '30.04.2005']
	Setting search parameters...
	Selecting weather parameter...
	Choosing stations...
	Setting time span...
	Selecting data...
	Checking the order...
	Checking the summary...
	Accepting the general terms and conditions...
	Placing the order...
Time span: ['01.05.2005', '31.08.2005']
	Setting search parameters...
	Selecting weather parameter...
	Choosing stations...
	Setting time span...
	Selecting data...
	Checking the order...
	Checking the summary...
	Accepting the general terms and conditions...
	Placing the order...
Time span: ['01.09.2005', '31.12.2005']
	Setting search parameters...
	Selecting weather parameter...
	Choosing stations...
	Setting time span...
	Selecting data...
	Checking the order...
	Checking the summary...
	Accepting the general terms and conditions...
	Placing the order...

END: 2016-11-30 18:47:33.750853

********************************************************************************
START: 2016-11-30 18:47:34.642317
Logging in to IDAWEB...
Successfully logged in to IDAWEB...
Weather parameter:global_radiation_std_dev
Time span: ['01.01.2006', '30.04.2006']
	Setting search parameters...
	Selecting weather parameter...
	Choosing stations...
	Setting time span...
	Selecting data...
	Checking the order...
	Checking the summary...
	Accepting the general terms and conditions...
	Placing the order...
Time span: ['01.05.2006', '31.08.2006']
	Setting search parameters...
	Selecting weather parameter...
	Choosing stations...
	Setting time span...
	Selecting data...
	Checking the order...
	Checking the summary...
	Accepting the general terms and conditions...
	Placing the order...
Time span: ['01.09.2006', '31.12.2006']
	Setting search parameters...
	Selecting weather parameter...
	Choosing stations...
	Setting time span...
	Selecting data...
	Checking the order...
	Checking the summary...
	Accepting the general terms and conditions...
	Placing the order...

END: 2016-11-30 18:49:40.657147

********************************************************************************
START: 2016-11-30 18:49:41.533862
Logging in to IDAWEB...
Successfully logged in to IDAWEB...
Weather parameter:global_radiation_std_dev
Time span: ['01.01.2007', '30.04.2007']
	Setting search parameters...
	Selecting weather parameter...
	Choosing stations...
	Setting time span...
	Selecting data...
	Checking the order...
	Checking the summary...
	Accepting the general terms and conditions...
	Placing the order...
Time span: ['01.05.2007', '31.08.2007']
	Setting search parameters...
	Selecting weather parameter...
	Choosing stations...
	Setting time span...
	Selecting data...
	Checking the order...
	Checking the summary...
	Accepting the general terms and conditions...
	Placing the order...
Time span: ['01.09.2007', '31.12.2007']
	Setting search parameters...
	Selecting weather parameter...
	Choosing stations...
	Setting time span...
	Selecting data...
	Checking the order...
	Checking the summary...
	Accepting the general terms and conditions...
	Placing the order...

END: 2016-11-30 18:51:48.025237

********************************************************************************
START: 2016-11-30 18:51:48.857047
Logging in to IDAWEB...
Successfully logged in to IDAWEB...
Weather parameter:global_radiation_std_dev
Time span: ['01.01.2008', '30.04.2008']
	Setting search parameters...
	Selecting weather parameter...
	Choosing stations...
	Setting time span...
	Selecting data...
	Checking the order...
	Checking the summary...
	Accepting the general terms and conditions...
	Placing the order...
Time span: ['01.05.2008', '31.08.2008']
	Setting search parameters...
	Selecting weather parameter...
	Choosing stations...
	Setting time span...
	Selecting data...
	Checking the order...
	Checking the summary...
	Accepting the general terms and conditions...
	Placing the order...
Time span: ['01.09.2008', '31.12.2008']
	Setting search parameters...
	Selecting weather parameter...
	Choosing stations...
	Setting time span...
	Selecting data...
	Checking the order...
	Checking the summary...
	Accepting the general terms and conditions...
	Placing the order...

END: 2016-11-30 18:53:55.398542

********************************************************************************
START: 2016-11-30 18:53:56.350042
Logging in to IDAWEB...
Successfully logged in to IDAWEB...
Weather parameter:global_radiation_std_dev
Time span: ['01.01.2009', '30.04.2009']
	Setting search parameters...
	Selecting weather parameter...
	Choosing stations...
	Setting time span...
	Selecting data...
	Checking the order...
	Checking the summary...
	Accepting the general terms and conditions...
	Placing the order...
Time span: ['01.05.2009', '31.08.2009']
	Setting search parameters...
	Selecting weather parameter...
	Choosing stations...
	Setting time span...
	Selecting data...
	Checking the order...
	Checking the summary...
	Accepting the general terms and conditions...
	Placing the order...
Time span: ['01.09.2009', '31.12.2009']
	Setting search parameters...
	Selecting weather parameter...
	Choosing stations...
	Setting time span...
	Selecting data...
	Checking the order...
	Checking the summary...
	Accepting the general terms and conditions...
	Placing the order...

END: 2016-11-30 18:56:05.470782

********************************************************************************
START: 2016-11-30 18:56:06.371483
Logging in to IDAWEB...
Successfully logged in to IDAWEB...
Weather parameter:global_radiation_std_dev
Time span: ['01.01.2010', '30.04.2010']
	Setting search parameters...
	Selecting weather parameter...
	Choosing stations...
	Setting time span...
	Selecting data...
	Checking the order...
	Checking the summary...
	Accepting the general terms and conditions...
	Placing the order...
Time span: ['01.05.2010', '31.08.2010']
	Setting search parameters...
	Selecting weather parameter...
	Choosing stations...
	Setting time span...
	Selecting data...
	Checking the order...
	Checking the summary...
	Accepting the general terms and conditions...
	Placing the order...
Time span: ['01.09.2010', '31.12.2010']
	Setting search parameters...
	Selecting weather parameter...
	Choosing stations...
	Setting time span...
	Selecting data...
	Checking the order...
	Checking the summary...
	Accepting the general terms and conditions...
	Placing the order...

END: 2016-11-30 18:58:13.127836

********************************************************************************
START: 2016-11-30 18:58:13.915604
Logging in to IDAWEB...
Successfully logged in to IDAWEB...
Weather parameter:global_radiation_std_dev
Time span: ['01.01.2011', '30.04.2011']
	Setting search parameters...
	Selecting weather parameter...
	Choosing stations...
	Setting time span...
	Selecting data...

EXCEPTION RAISED:2016-11-30 18:59:24.394124

********************************************************************************
START: 2016-11-30 18:59:25.329754
Logging in to IDAWEB...
Successfully logged in to IDAWEB...
Weather parameter:global_radiation_std_dev
Time span: ['01.01.2012', '30.04.2012']
	Setting search parameters...
	Selecting weather parameter...
	Choosing stations...
	Setting time span...
	Selecting data...
	Checking the order...
	Checking the summary...
	Accepting the general terms and conditions...
	Placing the order...
Time span: ['01.05.2012', '31.08.2012']
	Setting search parameters...
	Selecting weather parameter...
	Choosing stations...
	Setting time span...
	Selecting data...
	Checking the order...
	Checking the summary...
	Accepting the general terms and conditions...
	Placing the order...
Time span: ['01.09.2012', '31.12.2012']
	Setting search parameters...
	Selecting weather parameter...
	Choosing stations...
	Setting time span...
	Selecting data...
	Checking the order...
	Checking the summary...
	Accepting the general terms and conditions...
	Placing the order...

END: 2016-11-30 19:01:39.795269

********************************************************************************
START: 2016-11-30 19:01:41.670017
Logging in to IDAWEB...
Successfully logged in to IDAWEB...
Weather parameter:global_radiation_std_dev
Time span: ['01.01.2013', '30.04.2013']
	Setting search parameters...
	Selecting weather parameter...
	Choosing stations...
	Setting time span...
	Selecting data...
	Checking the order...
	Checking the summary...
	Accepting the general terms and conditions...
	Placing the order...
Time span: ['01.05.2013', '31.08.2013']
	Setting search parameters...
	Selecting weather parameter...
	Choosing stations...
	Setting time span...
	Selecting data...
	Checking the order...
	Checking the summary...
	Accepting the general terms and conditions...
	Placing the order...
Time span: ['01.09.2013', '31.12.2013']
	Setting search parameters...
	Selecting weather parameter...
	Choosing stations...
	Setting time span...
	Selecting data...
	Checking the order...
	Checking the summary...
	Accepting the general terms and conditions...
	Placing the order...

END: 2016-11-30 19:03:58.806722

********************************************************************************
START: 2016-11-30 19:03:59.722149
Logging in to IDAWEB...
Successfully logged in to IDAWEB...
Weather parameter:global_radiation_std_dev
Time span: ['01.01.2014', '30.04.2014']
	Setting search parameters...
	Selecting weather parameter...
	Choosing stations...
	Setting time span...
	Selecting data...
	Checking the order...
	Checking the summary...
	Accepting the general terms and conditions...
	Placing the order...
Time span: ['01.05.2014', '31.08.2014']
	Setting search parameters...
	Selecting weather parameter...
	Choosing stations...
	Setting time span...
	Selecting data...
	Checking the order...
	Checking the summary...
	Accepting the general terms and conditions...
	Placing the order...
Time span: ['01.09.2014', '31.12.2014']
	Setting search parameters...
	Selecting weather parameter...
	Choosing stations...
	Setting time span...
	Selecting data...
	Checking the order...
	Checking the summary...
	Accepting the general terms and conditions...
	Placing the order...

END: 2016-11-30 19:06:11.478442

********************************************************************************
START: 2016-11-30 19:06:12.317114
Logging in to IDAWEB...
Successfully logged in to IDAWEB...
Weather parameter:global_radiation_std_dev
Time span: ['01.01.2015', '30.04.2015']
	Setting search parameters...
	Selecting weather parameter...
	Choosing stations...
	Setting time span...
	Selecting data...
	Checking the order...
	Checking the summary...
	Accepting the general terms and conditions...
	Placing the order...
Time span: ['01.05.2015', '31.08.2015']
	Setting search parameters...
	Selecting weather parameter...
	Choosing stations...
	Setting time span...
	Selecting data...
	Checking the order...
	Checking the summary...
	Accepting the general terms and conditions...
	Placing the order...
Time span: ['01.09.2015', '31.12.2015']
	Setting search parameters...
	Selecting weather parameter...
	Choosing stations...
	Setting time span...
	Selecting data...
	Checking the order...
	Checking the summary...
	Accepting the general terms and conditions...
	Placing the order...

END: 2016-11-30 19:08:21.793938

********************************************************************************
START: 2016-11-30 19:13:03.401868
Logging in to IDAWEB...
Successfully logged in to IDAWEB...
Weather parameter:global_radiation_std_dev
Time span: ['01.01.2011', '30.04.2011']
	Setting search parameters...
	Selecting weather parameter...
	Choosing stations...
	Setting time span...
	Selecting data...
	Checking the order...
	Checking the summary...
	Accepting the general terms and conditions...
	Placing the order...
Time span: ['01.05.2011', '31.08.2011']
	Setting search parameters...
	Selecting weather parameter...
	Choosing stations...
	Setting time span...
	Selecting data...
	Checking the order...
	Checking the summary...
	Accepting the general terms and conditions...
	Placing the order...
Time span: ['01.09.2011', '31.12.2011']
	Setting search parameters...
	Selecting weather parameter...
	Choosing stations...
	Setting time span...
	Selecting data...
	Checking the order...
	Checking the summary...
	Accepting the general terms and conditions...
	Placing the order...

END: 2016-11-30 19:15:09.985569

